<?xml version="1.0" encoding="UTF-8"?>
<!-- Generated by org.testng.reporters.JUnitXMLReporter -->
<testsuite hostname="DESKTOP-KUAKP52" ignored="1" name="Command line test" tests="1" failures="1" timestamp="16 ноя 2017 19:26:41 GMT" time="7.876" errors="0">
  <testcase name="pageObjectSearchTest" time="0.634" classname="com.google.SelenideGoogleSearchTest">
    <failure type="java.lang.ExceptionInInitializerError">
      <![CDATA[java.lang.ExceptionInInitializerError
	at com.google.SelenideGoogleSearchTest.pageObjectSearchTest(SelenideGoogleSearchTest.java:32)
Caused by: java.lang.NullPointerException
	at java.util.Properties$LineReader.readLine(Properties.java:434)
	at java.util.Properties.load0(Properties.java:353)
	at java.util.Properties.load(Properties.java:341)
	at selenide.util.PropertiesCache.<init>(PropertiesCache.java:20)
	at selenide.util.PropertiesCache.<clinit>(PropertiesCache.java:10)
	... 35 more
... Removed 34 stack frames]]>
    </failure>
  </testcase> <!-- pageObjectSearchTest -->
  <testcase name="searchTest" time="0.0" classname="com.google.SelenideGoogleSearchTest">
    <ignored/>
  </testcase> <!-- searchTest -->
</testsuite> <!-- Command line test -->
