<?xml version="1.0" encoding="UTF-8"?>
<testng-results skipped="0" failed="0" ignored="0" total="1" passed="1">
  <reporter-output>
  </reporter-output>
  <suite name="PSelenium Tests" duration-ms="11594" started-at="2017-12-05T19:41:28Z" finished-at="2017-12-05T19:41:39Z">
    <groups>
    </groups>
    <test name="Google search" duration-ms="11594" started-at="2017-12-05T19:41:28Z" finished-at="2017-12-05T19:41:39Z">
      <class name="com.google.SimpleGoogleSearchTest">
        <test-method status="PASS" signature="setUp()[pri:0, instance:com.google.SimpleGoogleSearchTest@6b44435b]" name="setUp" is-config="true" duration-ms="9225" started-at="2017-12-05T21:41:28Z" finished-at="2017-12-05T21:41:37Z">
          <reporter-output>
          </reporter-output>
        </test-method> <!-- setUp -->
        <test-method status="PASS" signature="searchTest()[pri:0, instance:com.google.SimpleGoogleSearchTest@6b44435b]" name="searchTest" duration-ms="1217" started-at="2017-12-05T21:41:37Z" finished-at="2017-12-05T21:41:38Z">
          <reporter-output>
          </reporter-output>
        </test-method> <!-- searchTest -->
        <test-method status="PASS" signature="tearDown()[pri:0, instance:com.google.SimpleGoogleSearchTest@6b44435b]" name="tearDown" is-config="true" duration-ms="840" started-at="2017-12-05T21:41:39Z" finished-at="2017-12-05T21:41:39Z">
          <reporter-output>
          </reporter-output>
        </test-method> <!-- tearDown -->
      </class> <!-- com.google.SimpleGoogleSearchTest -->
    </test> <!-- Google search -->
  </suite> <!-- PSelenium Tests -->
</testng-results>
