<?xml version="1.0" encoding="UTF-8" ?>
<testsuite tests="1" failures="1" name="com.google.SelenideGoogleSearchTest" time="0.644" errors="0" skipped="0">
  <properties>
[...]
</properties>
  <testcase classname="com.google.SelenideGoogleSearchTest" name="pageObjectSearchTest" time="0.644">
    <failure type="java.lang.ExceptionInInitializerError">java.lang.ExceptionInInitializerError
	at com.google.SelenideGoogleSearchTest.pageObjectSearchTest(SelenideGoogleSearchTest.java:32)
Caused by: java.lang.NullPointerException
	at java.util.Properties$LineReader.readLine(Properties.java:434)
	at java.util.Properties.load0(Properties.java:353)
	at java.util.Properties.load(Properties.java:341)
	at selenide.util.PropertiesCache.&lt;init&gt;(PropertiesCache.java:20)
	at selenide.util.PropertiesCache.&lt;clinit&gt;(PropertiesCache.java:10)
	... 35 more
</failure>
    <system-out>Configuring TestNG with: org.apache.maven.surefire.testng.conf.TestNG652Configurator@3fb4f649
</system-out>
    <system-err>SLF4J: Failed to load class &quot;org.slf4j.impl.StaticLoggerBinder&quot;.
SLF4J: Defaulting to no-operation (NOP) logger implementation
SLF4J: See http://www.slf4j.org/codes.html#StaticLoggerBinder for further details.
Starting ChromeDriver 2.33.506120 (e3e53437346286c0bc2d2dc9aa4915ba81d9023f) on port 20780
Only local connections are allowed.
ноя 16, 2017 9:26:37 PM org.openqa.selenium.remote.ProtocolHandshake createSession
INFO: Detected dialect: OSS
ноя 16, 2017 9:26:38 PM com.codeborne.selenide.webdriver.WebDriverFactory logBrowserVersion
INFO: BrowserName=chrome Version=62.0.3202.94 Platform=XP
ноя 16, 2017 9:26:38 PM com.codeborne.selenide.webdriver.WebDriverFactory createWebDriver
INFO: Selenide v. 4.8
ноя 16, 2017 9:26:38 PM com.codeborne.selenide.webdriver.WebDriverFactory logSeleniumInfo
INFO: Selenium WebDriver v. 3.6.0 build time: 2017-09-27T15:28:36.4Z
ноя 16, 2017 9:26:38 PM com.codeborne.selenide.impl.WebDriverThreadLocalContainer createDriver
INFO: Create webdriver in current thread 1: ChromeDriver -&gt; ChromeDriver: chrome on XP (17f80d805366cd855cde49e9d49c6c7c)
</system-err>
  </testcase>
</testsuite>